2020-11-03 12:43:40.572554 >>> {command: get_health}
2020-11-03 12:43:41.135983 <<< {isError: false, response: {status: ok}, type: _extensionType, method: ext.flutter.driver}
2020-11-03 12:43:41.190147 >>> {command: waitFor, timeout: 1000, finderType: ByValueKey, keyValueString: userPicture, keyValueType: String}
2020-11-03 12:43:42.714309 <<< {isError: true, response: Timeout while executing waitFor: TimeoutException after 0:00:01.000000: Future not completed
, type: _extensionType, method: ext.flutter.driver}
2020-11-03 12:43:47.520585 >>> {command: waitForCondition, timeout: 5000, conditionName: NoTransientCallbacksCondition}
2020-11-03 12:45:28.297175 >>> {command: get_health}
2020-11-03 12:45:29.360428 <<< {isError: false, response: {status: ok}, type: _extensionType, method: ext.flutter.driver}
2020-11-03 12:45:29.389193 >>> {command: waitFor, timeout: 1000, finderType: ByValueKey, keyValueString: userPicture, keyValueType: String}
2020-11-03 12:45:30.475803 <<< {isError: true, response: Timeout while executing waitFor: TimeoutException after 0:00:01.000000: Future not completed
, type: _extensionType, method: ext.flutter.driver}
2020-11-03 12:45:30.550771 >>> {command: waitFor, timeout: 1000, finderType: ByValueKey, keyValueString: userPicture, keyValueType: String}
2020-11-03 12:45:31.561048 <<< {isError: true, response: Timeout while executing waitFor: TimeoutException after 0:00:01.000000: Future not completed
, type: _extensionType, method: ext.flutter.driver}
2020-11-03 12:45:34.983969 >>> {command: waitForCondition, timeout: 5000, conditionName: NoTransientCallbacksCondition}
2020-11-03 12:47:20.417405 >>> {command: get_health}
2020-11-03 12:47:21.150142 <<< {isError: false, response: {status: ok}, type: _extensionType, method: ext.flutter.driver}
2020-11-03 12:47:21.181808 >>> {command: waitFor, timeout: 1000, finderType: ByValueKey, keyValueString: userPicture, keyValueType: String}
2020-11-03 12:47:22.331240 <<< {isError: true, response: Timeout while executing waitFor: TimeoutException after 0:00:01.000000: Future not completed
, type: _extensionType, method: ext.flutter.driver}
2020-11-03 12:47:22.340437 >>> {command: waitFor, timeout: 1000, finderType: ByValueKey, keyValueString: userPicture, keyValueType: String}
2020-11-03 12:47:23.353019 <<< {isError: true, response: Timeout while executing waitFor: TimeoutException after 0:00:01.000000: Future not completed
, type: _extensionType, method: ext.flutter.driver}
2020-11-03 12:47:27.935466 >>> {command: waitForCondition, timeout: 5000, conditionName: NoTransientCallbacksCondition}
2020-11-03 12:54:00.557451 >>> {command: get_health}
2020-11-03 12:54:00.742344 <<< {isError: false, response: {status: ok}, type: _extensionType, method: ext.flutter.driver}
2020-11-03 12:54:00.803586 >>> {command: waitFor, timeout: 1000, finderType: ByValueKey, keyValueString: userPicture, keyValueType: String}
2020-11-03 12:54:01.887248 <<< {isError: true, response: Timeout while executing waitFor: TimeoutException after 0:00:01.000000: Future not completed
, type: _extensionType, method: ext.flutter.driver}
2020-11-03 12:54:01.893391 >>> {command: waitFor, timeout: 1000, finderType: ByValueKey, keyValueString: userPicture, keyValueType: String}
2020-11-03 12:54:02.906457 <<< {isError: true, response: Timeout while executing waitFor: TimeoutException after 0:00:01.000000: Future not completed
, type: _extensionType, method: ext.flutter.driver}
2020-11-03 12:54:02.912845 >>> {command: waitFor, timeout: 1000, finderType: ByValueKey, keyValueString: userProfile, keyValueType: String}
2020-11-03 12:54:03.930946 <<< {isError: true, response: Timeout while executing waitFor: TimeoutException after 0:00:01.000000: Future not completed
, type: _extensionType, method: ext.flutter.driver}
2020-11-03 12:54:07.302413 >>> {command: waitForCondition, timeout: 5000, conditionName: NoTransientCallbacksCondition}
2020-11-03 12:54:07.340836 <<< {type: Sentinel, kind: Collected, valueAsString: <collected>}
2020-11-03 13:51:22.471272 >>> {command: get_health}
2020-11-03 13:51:23.775711 <<< {isError: false, response: {status: ok}, type: _extensionType, method: ext.flutter.driver}
2020-11-03 13:51:23.808903 >>> {command: waitFor, timeout: 1000, finderType: ByValueKey, keyValueString: userPicture, keyValueType: String}
2020-11-03 13:51:25.147538 <<< {isError: true, response: Timeout while executing waitFor: TimeoutException after 0:00:01.000000: Future not completed
, type: _extensionType, method: ext.flutter.driver}
2020-11-03 13:51:25.154989 >>> {command: waitFor, timeout: 1000, finderType: ByValueKey, keyValueString: userPicture, keyValueType: String}
2020-11-03 13:51:26.177926 <<< {isError: true, response: Timeout while executing waitFor: TimeoutException after 0:00:01.000000: Future not completed
, type: _extensionType, method: ext.flutter.driver}
2020-11-03 13:51:26.186521 >>> {command: waitFor, timeout: 1000, finderType: ByValueKey, keyValueString: userProfile, keyValueType: String}
2020-11-03 13:51:27.210110 <<< {isError: true, response: Timeout while executing waitFor: TimeoutException after 0:00:01.000000: Future not completed
, type: _extensionType, method: ext.flutter.driver}
2020-11-03 13:51:31.505035 >>> {command: waitForCondition, timeout: 5000, conditionName: NoTransientCallbacksCondition}
2020-11-03 14:00:39.459472 >>> {command: get_health}
2020-11-03 14:00:39.945586 <<< {isError: false, response: {status: ok}, type: _extensionType, method: ext.flutter.driver}
2020-11-03 14:00:39.981842 >>> {command: waitFor, timeout: 1000, finderType: ByValueKey, keyValueString: userPicture, keyValueType: String}
2020-11-03 14:00:41.188131 <<< {isError: true, response: Timeout while executing waitFor: TimeoutException after 0:00:01.000000: Future not completed
, type: _extensionType, method: ext.flutter.driver}
2020-11-03 14:00:41.194645 >>> {command: waitFor, timeout: 1000, finderType: ByValueKey, keyValueString: userPicture, keyValueType: String}
2020-11-03 14:00:42.218358 <<< {isError: true, response: Timeout while executing waitFor: TimeoutException after 0:00:01.000000: Future not completed
, type: _extensionType, method: ext.flutter.driver}
2020-11-03 14:00:42.221715 >>> {command: waitFor, timeout: 1000, finderType: ByValueKey, keyValueString: userProfile, keyValueType: String}
2020-11-03 14:00:43.249410 <<< {isError: true, response: Timeout while executing waitFor: TimeoutException after 0:00:01.000000: Future not completed
, type: _extensionType, method: ext.flutter.driver}
2020-11-03 14:00:47.746535 >>> {command: waitForCondition, timeout: 5000, conditionName: NoTransientCallbacksCondition}
